<?xml version="1.0" encoding="UTF-8"?>
<testng-results ignored="0" total="1" passed="1" failed="0" skipped="0">
  <reporter-output>
  </reporter-output>
  <suite started-at="2023-09-20T22:34:45 IST" name="Default suite" finished-at="2023-09-20T22:34:54 IST" duration-ms="9000">
    <groups>
    </groups>
    <test started-at="2023-09-20T22:34:45 IST" name="Default test" finished-at="2023-09-20T22:34:54 IST" duration-ms="9000">
      <class name="test_Scripts.AddCart">
        <test-method is-config="true" signature="beforeSuit()[pri:0, instance:test_Scripts.AddCart@7d0b7e3c]" started-at="2023-09-20T22:34:45 IST" name="beforeSuit" finished-at="2023-09-20T22:34:45 IST" duration-ms="135" status="PASS">
          <reporter-output>
          </reporter-output>
        </test-method> <!-- beforeSuit -->
        <test-method is-config="true" signature="browserSetup()[pri:0, instance:test_Scripts.AddCart@7d0b7e3c]" started-at="2023-09-20T22:34:45 IST" name="browserSetup" finished-at="2023-09-20T22:34:49 IST" duration-ms="4204" status="PASS">
          <reporter-output>
          </reporter-output>
        </test-method> <!-- browserSetup -->
        <test-method signature="addCartMethod(java.lang.String,java.lang.String)[pri:0, instance:test_Scripts.AddCart@7d0b7e3c]" started-at="2023-09-20T22:34:49 IST" name="addCartMethod" data-provider="testdata" finished-at="2023-09-20T22:34:54 IST" duration-ms="4266" status="PASS">
          <params>
            <param index="0">
              <value>
                <![CDATA[ramssb007@gmail.com]]>
              </value>
            </param>
            <param index="1">
              <value>
                <![CDATA[Rama@1252]]>
              </value>
            </param>
          </params>
          <reporter-output>
          </reporter-output>
        </test-method> <!-- addCartMethod -->
        <test-method is-config="true" signature="CloseApp()[pri:0, instance:test_Scripts.AddCart@7d0b7e3c]" started-at="2023-09-20T22:34:54 IST" name="CloseApp" finished-at="2023-09-20T22:34:54 IST" duration-ms="120" status="PASS">
          <reporter-output>
          </reporter-output>
        </test-method> <!-- CloseApp -->
        <test-method is-config="true" signature="afterSuite()[pri:0, instance:test_Scripts.AddCart@7d0b7e3c]" started-at="2023-09-20T22:34:54 IST" name="afterSuite" finished-at="2023-09-20T22:34:54 IST" duration-ms="197" status="PASS">
          <reporter-output>
          </reporter-output>
        </test-method> <!-- afterSuite -->
      </class> <!-- test_Scripts.AddCart -->
    </test> <!-- Default test -->
  </suite> <!-- Default suite -->
</testng-results>
