<?xml version="1.0" encoding="UTF-8"?>
<testng-results ignored="0" total="1" passed="1" failed="0" skipped="0">
  <reporter-output>
  </reporter-output>
  <suite started-at="2023-09-11T02:17:49 IST" name="Default suite" finished-at="2023-09-11T02:18:01 IST" duration-ms="11948">
    <groups>
    </groups>
    <test started-at="2023-09-11T02:17:49 IST" name="Default test" finished-at="2023-09-11T02:18:01 IST" duration-ms="11948">
      <class name="test_Scripts.AddCart">
        <test-method is-config="true" signature="beforeSuit()[pri:0, instance:test_Scripts.AddCart@7c37508a]" started-at="2023-09-11T02:17:48 IST" name="beforeSuit" finished-at="2023-09-11T02:17:49 IST" duration-ms="345" status="PASS">
          <reporter-output>
          </reporter-output>
        </test-method> <!-- beforeSuit -->
        <test-method is-config="true" signature="browserSetup()[pri:0, instance:test_Scripts.AddCart@7c37508a]" started-at="2023-09-11T02:17:49 IST" name="browserSetup" finished-at="2023-09-11T02:17:55 IST" duration-ms="6376" status="PASS">
          <reporter-output>
          </reporter-output>
        </test-method> <!-- browserSetup -->
        <test-method signature="addCartMethod(java.lang.String,java.lang.String)[pri:0, instance:test_Scripts.AddCart@7c37508a]" started-at="2023-09-11T02:17:56 IST" name="addCartMethod" data-provider="testdata" finished-at="2023-09-11T02:18:00 IST" duration-ms="4233" status="PASS">
          <params>
            <param index="0">
              <value>
                <![CDATA[ramssb007@gmail.com]]>
              </value>
            </param>
            <param index="1">
              <value>
                <![CDATA[Rama@1252]]>
              </value>
            </param>
          </params>
          <reporter-output>
          </reporter-output>
        </test-method> <!-- addCartMethod -->
        <test-method is-config="true" signature="CloseApp()[pri:0, instance:test_Scripts.AddCart@7c37508a]" started-at="2023-09-11T02:18:00 IST" name="CloseApp" finished-at="2023-09-11T02:18:01 IST" duration-ms="258" status="PASS">
          <reporter-output>
          </reporter-output>
        </test-method> <!-- CloseApp -->
        <test-method is-config="true" signature="afterSuite()[pri:0, instance:test_Scripts.AddCart@7c37508a]" started-at="2023-09-11T02:18:01 IST" name="afterSuite" finished-at="2023-09-11T02:18:01 IST" duration-ms="369" status="PASS">
          <reporter-output>
          </reporter-output>
        </test-method> <!-- afterSuite -->
      </class> <!-- test_Scripts.AddCart -->
    </test> <!-- Default test -->
  </suite> <!-- Default suite -->
</testng-results>
